<?xml version="1.0" encoding="UTF-8"?>
<testsuite xmlns:xsi="http://www.w3.org/2001/XMLSchema-instance" xsi:noNamespaceSchemaLocation="https://maven.apache.org/surefire/maven-surefire-plugin/xsd/surefire-test-report-3.0.xsd" version="3.0" name="com.axis.usermanagementservice.UsermanagementserviceApplicationTests" time="12.424" tests="1" errors="0" skipped="0" failures="0">
  <properties>
[...]
</properties>
  <testcase name="contextLoads" classname="com.axis.usermanagementservice.UsermanagementserviceApplicationTests" time="0.915">
    <system-out><![CDATA[19:36:29.359 [main] INFO org.springframework.test.context.support.AnnotationConfigContextLoaderUtils -- Could not detect default configuration classes for test class [com.axis.usermanagementservice.UsermanagementserviceApplicationTests]: UsermanagementserviceApplicationTests does not declare any static, non-private, non-final, nested classes annotated with @Configuration.
19:36:29.713 [main] INFO org.springframework.boot.test.context.SpringBootTestContextBootstrapper -- Found @SpringBootConfiguration com.axis.usermanagementservice.UsermanagementserviceApplication for test class com.axis.usermanagementservice.UsermanagementserviceApplicationTests
19:36:30.095 [main] INFO org.springframework.boot.devtools.restart.RestartApplicationListener -- Restart disabled due to context in which it is running
  .   ____          _            __ _ _
 /\\ / ___'_ __ _ _(_)_ __  __ _ \ \ \ \
( ( )\___ | '_ | '_| | '_ \/ _` | \ \ \ \
 \\/  ___)| |_)| | | | | || (_| |  ) ) ) )
  '  |____| .__|_| |_|_| |_\__, | / / / /
 =========|_|==============|___/=/_/_/_/

 :: Spring Boot ::                (v3.3.0)

2024-06-10T19:36:30.783+05:30  INFO 24848 --- [usermanagementservice] [           main] .u.UsermanagementserviceApplicationTests : Starting UsermanagementserviceApplicationTests using Java 17.0.2 with PID 24848 (started by chama in C:\Users\chama\Desktop\TempTesting\usermanagementservice)
2024-06-10T19:36:30.786+05:30  INFO 24848 --- [usermanagementservice] [           main] .u.UsermanagementserviceApplicationTests : No active profile set, falling back to 1 default profile: "default"
2024-06-10T19:36:32.269+05:30  INFO 24848 --- [usermanagementservice] [           main] .s.d.r.c.RepositoryConfigurationDelegate : Bootstrapping Spring Data JPA repositories in DEFAULT mode.
2024-06-10T19:36:32.611+05:30  INFO 24848 --- [usermanagementservice] [           main] .s.d.r.c.RepositoryConfigurationDelegate : Finished Spring Data repository scanning in 326 ms. Found 3 JPA repository interfaces.
2024-06-10T19:36:33.043+05:30  INFO 24848 --- [usermanagementservice] [           main] o.s.cloud.context.scope.GenericScope     : BeanFactory id=49449393-50bd-30cd-972f-4d9139b9f1dd
2024-06-10T19:36:33.272+05:30  WARN 24848 --- [usermanagementservice] [           main] trationDelegate$BeanPostProcessorChecker : Bean 'org.springframework.cloud.client.loadbalancer.LoadBalancerAutoConfiguration$DeferringLoadBalancerInterceptorConfig' of type [org.springframework.cloud.client.loadbalancer.LoadBalancerAutoConfiguration$DeferringLoadBalancerInterceptorConfig] is not eligible for getting processed by all BeanPostProcessors (for example: not eligible for auto-proxying). The currently created BeanPostProcessor [lbRestClientPostProcessor] is declared through a non-static factory method on that class; consider declaring it as static instead.
2024-06-10T19:36:33.275+05:30  WARN 24848 --- [usermanagementservice] [           main] trationDelegate$BeanPostProcessorChecker : Bean 'deferringLoadBalancerInterceptor' of type [org.springframework.cloud.client.loadbalancer.DeferringLoadBalancerInterceptor] is not eligible for getting processed by all BeanPostProcessors (for example: not eligible for auto-proxying). Is this bean getting eagerly injected into a currently created BeanPostProcessor [lbRestClientPostProcessor]? Check the corresponding BeanPostProcessor declaration and its dependencies.
2024-06-10T19:36:33.530+05:30  INFO 24848 --- [usermanagementservice] [           main] o.hibernate.jpa.internal.util.LogHelper  : HHH000204: Processing PersistenceUnitInfo [name: default]
2024-06-10T19:36:33.642+05:30  INFO 24848 --- [usermanagementservice] [           main] org.hibernate.Version                    : HHH000412: Hibernate ORM core version 6.5.2.Final
2024-06-10T19:36:33.744+05:30  INFO 24848 --- [usermanagementservice] [           main] o.h.c.internal.RegionFactoryInitiator    : HHH000026: Second-level cache disabled
2024-06-10T19:36:34.449+05:30  INFO 24848 --- [usermanagementservice] [           main] o.s.o.j.p.SpringPersistenceUnitInfo      : No LoadTimeWeaver setup: ignoring JPA class transformer
2024-06-10T19:36:34.604+05:30  INFO 24848 --- [usermanagementservice] [           main] com.zaxxer.hikari.HikariDataSource       : HikariPool-1 - Starting...
2024-06-10T19:36:35.270+05:30  INFO 24848 --- [usermanagementservice] [           main] com.zaxxer.hikari.pool.HikariPool        : HikariPool-1 - Added connection com.mysql.cj.jdbc.ConnectionImpl@55682482
2024-06-10T19:36:35.275+05:30  INFO 24848 --- [usermanagementservice] [           main] com.zaxxer.hikari.HikariDataSource       : HikariPool-1 - Start completed.
2024-06-10T19:36:35.376+05:30  WARN 24848 --- [usermanagementservice] [           main] org.hibernate.orm.deprecation            : HHH90000025: MySQL8Dialect does not need to be specified explicitly using 'hibernate.dialect' (remove the property setting and it will be selected by default)
2024-06-10T19:36:35.378+05:30  WARN 24848 --- [usermanagementservice] [           main] org.hibernate.orm.deprecation            : HHH90000026: MySQL8Dialect has been deprecated; use org.hibernate.dialect.MySQLDialect instead
2024-06-10T19:36:36.941+05:30  INFO 24848 --- [usermanagementservice] [           main] o.h.e.t.j.p.i.JtaPlatformInitiator       : HHH000489: No JTA platform available (set 'hibernate.transaction.jta.platform' to enable JTA platform integration)
2024-06-10T19:36:37.064+05:30  INFO 24848 --- [usermanagementservice] [           main] j.LocalContainerEntityManagerFactoryBean : Initialized JPA EntityManagerFactory for persistence unit 'default'
2024-06-10T19:36:37.925+05:30  WARN 24848 --- [usermanagementservice] [           main] JpaBaseConfiguration$JpaWebConfiguration : spring.jpa.open-in-view is enabled by default. Therefore, database queries may be performed during view rendering. Explicitly configure spring.jpa.open-in-view to disable this warning
2024-06-10T19:36:38.964+05:30  INFO 24848 --- [usermanagementservice] [           main] DiscoveryClientOptionalArgsConfiguration : Eureka HTTP Client uses RestTemplate.
2024-06-10T19:36:39.032+05:30  WARN 24848 --- [usermanagementservice] [           main] iguration$LoadBalancerCaffeineWarnLogger : Spring Cloud LoadBalancer is currently working with the default cache. While this cache implementation is useful for development and tests, it's recommended to use Caffeine cache in production.You can switch to using Caffeine cache, by adding it and org.springframework.cache.caffeine.CaffeineCacheManager to the classpath.
2024-06-10T19:36:39.078+05:30  INFO 24848 --- [usermanagementservice] [           main] o.s.c.n.eureka.InstanceInfoFactory       : Setting initial instance status as: STARTING
2024-06-10T19:36:39.381+05:30  INFO 24848 --- [usermanagementservice] [           main] com.netflix.discovery.DiscoveryClient    : Initializing Eureka in region us-east-1
2024-06-10T19:36:39.391+05:30  INFO 24848 --- [usermanagementservice] [           main] c.n.d.s.r.aws.ConfigClusterResolver      : Resolving eureka endpoints via configuration
2024-06-10T19:36:39.475+05:30  INFO 24848 --- [usermanagementservice] [           main] com.netflix.discovery.DiscoveryClient    : Disable delta property : false
2024-06-10T19:36:39.475+05:30  INFO 24848 --- [usermanagementservice] [           main] com.netflix.discovery.DiscoveryClient    : Single vip registry refresh property : null
2024-06-10T19:36:39.475+05:30  INFO 24848 --- [usermanagementservice] [           main] com.netflix.discovery.DiscoveryClient    : Force full registry fetch : false
2024-06-10T19:36:39.475+05:30  INFO 24848 --- [usermanagementservice] [           main] com.netflix.discovery.DiscoveryClient    : Application is null : false
2024-06-10T19:36:39.475+05:30  INFO 24848 --- [usermanagementservice] [           main] com.netflix.discovery.DiscoveryClient    : Registered Applications size is zero : true
2024-06-10T19:36:39.475+05:30  INFO 24848 --- [usermanagementservice] [           main] com.netflix.discovery.DiscoveryClient    : Application version is -1: true
2024-06-10T19:36:39.476+05:30  INFO 24848 --- [usermanagementservice] [           main] com.netflix.discovery.DiscoveryClient    : Getting all instance registry info from the eureka server
2024-06-10T19:36:40.146+05:30  INFO 24848 --- [usermanagementservice] [           main] com.netflix.discovery.DiscoveryClient    : The response status is 200
2024-06-10T19:36:40.163+05:30  INFO 24848 --- [usermanagementservice] [           main] com.netflix.discovery.DiscoveryClient    : Starting heartbeat executor: renew interval is: 30
2024-06-10T19:36:40.179+05:30  INFO 24848 --- [usermanagementservice] [           main] c.n.discovery.InstanceInfoReplicator     : InstanceInfoReplicator onDemand update allowed rate per min is 4
2024-06-10T19:36:40.215+05:30  INFO 24848 --- [usermanagementservice] [           main] com.netflix.discovery.DiscoveryClient    : Discovery Client initialized at timestamp 1718028400212 with initial instances count: 3
2024-06-10T19:36:40.251+05:30  INFO 24848 --- [usermanagementservice] [           main] o.s.c.n.e.s.EurekaServiceRegistry        : Registering application USERMANAGEMENTSERVICE with eureka with status UP
2024-06-10T19:36:40.252+05:30  INFO 24848 --- [usermanagementservice] [           main] com.netflix.discovery.DiscoveryClient    : Saw local status change event StatusChangeEvent [timestamp=1718028400252, current=UP, previous=STARTING]
2024-06-10T19:36:40.258+05:30  INFO 24848 --- [usermanagementservice] [nfoReplicator-0] com.netflix.discovery.DiscoveryClient    : DiscoveryClient_USERMANAGEMENTSERVICE/Rohith143:usermanagementservice:8089: registering service...
2024-06-10T19:36:40.294+05:30  INFO 24848 --- [usermanagementservice] [           main] .u.UsermanagementserviceApplicationTests : Started UsermanagementserviceApplicationTests in 10.22 seconds (process running for 13.005)
2024-06-10T19:36:40.357+05:30  INFO 24848 --- [usermanagementservice] [nfoReplicator-0] com.netflix.discovery.DiscoveryClient    : DiscoveryClient_USERMANAGEMENTSERVICE/Rohith143:usermanagementservice:8089 - registration status: 204
]]></system-out>
  </testcase>
</testsuite>